#
# There is insufficient memory for the Java Runtime Environment to continue.
# Native memory allocation (mmap) failed to map 91226112 bytes for committing reserved memory.
# Possible reasons:
#   The system is out of physical RAM or swap space
#   In 32 bit mode, the process size limit was hit
# Possible solutions:
#   Reduce memory load on the system
#   Increase physical memory or swap space
#   Check if swap backing store is full
#   Use 64 bit Java on a 64 bit OS
#   Decrease Java heap size (-Xmx/-Xms)
#   Decrease number of Java threads
#   Decrease Java thread stack sizes (-Xss)
#   Set larger code cache with -XX:ReservedCodeCacheSize=
# This output file may be truncated or incomplete.
#
#  Out of Memory Error (os_linux.cpp:2627), pid=4376, tid=140688140244736
#
# JRE version: Java(TM) SE Runtime Environment (8.0_91-b14) (build 1.8.0_91-b14)
# Java VM: Java HotSpot(TM) 64-Bit Server VM (25.91-b14 mixed mode linux-amd64 compressed oops)
# Failed to write core dump. Core dumps have been disabled. To enable core dumping, try "ulimit -c unlimited" before starting Java again
#

---------------  T H R E A D  ---------------

Current thread (0x00007ff494078000):  VMThread [stack: 0x00007ff4828f9000,0x00007ff4829fa000] [id=4390]

Stack: [0x00007ff4828f9000,0x00007ff4829fa000],  sp=0x00007ff4829f81a0,  free space=1020k
Native frames: (J=compiled Java code, j=interpreted, Vv=VM code, C=native code)
V  [libjvm.so+0xabc18a]  VMError::report_and_die()+0x2ba
V  [libjvm.so+0x4fafeb]  report_vm_out_of_memory(char const*, int, unsigned long, VMErrorType, char const*)+0x8b
V  [libjvm.so+0x91cbb3]  os::Linux::commit_memory_impl(char*, unsigned long, bool)+0x103
V  [libjvm.so+0x91d109]  os::pd_commit_memory(char*, unsigned long, unsigned long, bool)+0x29
V  [libjvm.so+0x91740a]  os::commit_memory(char*, unsigned long, unsigned long, bool)+0x2a
V  [libjvm.so+0x98b033]  PSVirtualSpace::expand_by(unsigned long)+0x53
V  [libjvm.so+0x97b920]  PSOldGen::expand(unsigned long)+0x170
V  [libjvm.so+0x97bb2b]  PSOldGen::resize(unsigned long)+0x1cb
V  [libjvm.so+0x983801]  PSParallelCompact::invoke_no_policy(bool)+0x991
V  [libjvm.so+0x98915d]  PSScavenge::invoke()+0x1ad
V  [libjvm.so+0x9408b0]  ParallelScavengeHeap::failed_mem_allocate(unsigned long)+0x70
V  [libjvm.so+0xabdba7]  VM_ParallelGCFailedAllocation::doit()+0x97
V  [libjvm.so+0xac55d5]  VM_Operation::evaluate()+0x55
V  [libjvm.so+0xac39aa]  VMThread::evaluate_operation(VM_Operation*)+0xba
V  [libjvm.so+0xac3d2e]  VMThread::loop()+0x1ce
V  [libjvm.so+0xac41a0]  VMThread::run()+0x70
V  [libjvm.so+0x91ef78]  java_start(Thread*)+0x108

VM_Operation (0x00007ff48142cf70): ParallelGCFailedAllocation, mode: safepoint, requested by thread 0x00007ff494145000


---------------  P R O C E S S  ---------------

Java Threads: ( => current thread )
  0x00007ff494146800 JavaThread "pool-2-thread-4" [_thread_blocked, id=4428, stack(0x00007ff48122d000,0x00007ff48132e000)]
  0x00007ff494145000 JavaThread "pool-2-thread-3" [_thread_blocked, id=4427, stack(0x00007ff48132e000,0x00007ff48142f000)]
  0x00007ff494143800 JavaThread "pool-2-thread-2" [_thread_blocked, id=4426, stack(0x00007ff48142f000,0x00007ff481530000)]
  0x00007ff494132800 JavaThread "pool-3-thread-1" [_thread_blocked, id=4425, stack(0x00007ff481530000,0x00007ff481631000)]
  0x00007ff494130800 JavaThread "pool-2-thread-1" [_thread_blocked, id=4424, stack(0x00007ff481631000,0x00007ff481732000)]
  0x00007ff4940c0000 JavaThread "Service Thread" daemon [_thread_blocked, id=4408, stack(0x00007ff481833000,0x00007ff481934000)]
  0x00007ff4940bd000 JavaThread "C1 CompilerThread2" daemon [_thread_blocked, id=4407, stack(0x00007ff481934000,0x00007ff481a35000)]
  0x00007ff4940bb800 JavaThread "C2 CompilerThread1" daemon [_thread_blocked, id=4406, stack(0x00007ff481a35000,0x00007ff481b36000)]
  0x00007ff4940b8800 JavaThread "C2 CompilerThread0" daemon [_thread_blocked, id=4405, stack(0x00007ff481b36000,0x00007ff481c37000)]
  0x00007ff4940b7000 JavaThread "Signal Dispatcher" daemon [_thread_blocked, id=4403, stack(0x00007ff481c37000,0x00007ff481d38000)]
  0x00007ff494084000 JavaThread "Finalizer" daemon [_thread_blocked, id=4397, stack(0x00007ff4826f7000,0x00007ff4827f8000)]
  0x00007ff49407f800 JavaThread "Reference Handler" daemon [_thread_blocked, id=4391, stack(0x00007ff4827f8000,0x00007ff4828f9000)]
  0x00007ff49400a000 JavaThread "main" [_thread_blocked, id=4378, stack(0x00007ff49d026000,0x00007ff49d127000)]

Other Threads:
=>0x00007ff494078000 VMThread [stack: 0x00007ff4828f9000,0x00007ff4829fa000] [id=4390]
  0x00007ff4940c3000 WatcherThread [stack: 0x00007ff481732000,0x00007ff481833000] [id=4409]

VM state:at safepoint (normal execution)

VM Mutex/Monitor currently owned by a thread:  ([mutex/lock_event])
[0x00007ff494005ed0] ExpandHeap_lock - owner thread: 0x00007ff494078000
[0x00007ff494006550] Threads_lock - owner thread: 0x00007ff494078000
[0x00007ff494006a50] Heap_lock - owner thread: 0x00007ff494145000

Heap:
 PSYoungGen      total 216576K, used 38801K [0x00000000eab00000, 0x0000000100000000, 0x0000000100000000)
  eden space 135168K, 0% used [0x00000000eab00000,0x00000000eab00000,0x00000000f2f00000)
  from space 81408K, 47% used [0x00000000f9900000,0x00000000fbee4418,0x00000000fe880000)
  to   space 107008K, 0% used [0x00000000f2f00000,0x00000000f2f00000,0x00000000f9780000)
 ParOldGen       total 160768K, used 160338K [0x00000000c0000000, 0x00000000c9d00000, 0x00000000eab00000)
  object space 160768K, 99% used [0x00000000c0000000,0x00000000c9c94b90,0x00000000c9d00000)
 Metaspace       used 6333K, capacity 7192K, committed 7424K, reserved 1056768K
  class space    used 610K, capacity 656K, committed 768K, reserved 1048576K

Card table byte_map: [0x00007ff499bd8000,0x00007ff499dd9000] byte_map_base: 0x00007ff4995d8000

Marking Bits: (ParMarkBitMap*) 0x00007ff49c4f6d60
 Begin Bits: [0x00007ff483000000, 0x00007ff484000000)
 End Bits:   [0x00007ff484000000, 0x00007ff485000000)

Polling page: 0x00007ff49d145000

CodeCache: size=245760Kb used=8088Kb max_used=8088Kb free=237671Kb
 bounds [0x00007ff485000000, 0x00007ff4857f0000, 0x00007ff494000000]
 total_blobs=2196 nmethods=1929 adapters=181
 compilation: enabled

Compilation events (10 events):
Event: 22.434 Thread 0x00007ff4940bd000 2276       1       com.android.dx.cf.attrib.AttInnerClasses::getInnerClasses (5 bytes)
Event: 22.434 Thread 0x00007ff4940bd000 nmethod 2276 0x00007ff4857e9f90 code [0x00007ff4857ea0e0, 0x00007ff4857ea1f0]
Event: 22.453 Thread 0x00007ff4940bd000 2277   !   2       java.util.concurrent.FutureTask::run (126 bytes)
Event: 22.454 Thread 0x00007ff4940bd000 nmethod 2277 0x00007ff4857ea250 code [0x00007ff4857ea400, 0x00007ff4857ea828]
Event: 22.473 Thread 0x00007ff4940bd000 2278       2       com.android.dx.cf.direct.MemberListParser::getEndOffset (9 bytes)
Event: 22.474 Thread 0x00007ff4940bd000 nmethod 2278 0x00007ff4857eaad0 code [0x00007ff4857eac40, 0x00007ff4857eadc8]
Event: 22.474 Thread 0x00007ff4940bd000 2279       2       java.util.TreeMap$Values::size (8 bytes)
Event: 22.474 Thread 0x00007ff4940bd000 nmethod 2279 0x00007ff4857eae90 code [0x00007ff4857eafe0, 0x00007ff4857eb130]
Event: 22.485 Thread 0x00007ff4940bd000 2280       2       java.util.concurrent.AbstractExecutorService::submit (25 bytes)
Event: 22.485 Thread 0x00007ff4940bd000 nmethod 2280 0x00007ff4857eb1d0 code [0x00007ff4857eb360, 0x00007ff4857eb6c8]

GC Heap History (10 events):
Event: 17.682 GC heap after
Heap after GC invocations=8 (full 1):
 PSYoungGen      total 135168K, used 25570K [0x00000000eab00000, 0x00000000f9000000, 0x0000000100000000)
  eden space 109568K, 0% used [0x00000000eab00000,0x00000000eab00000,0x00000000f1600000)
  from space 25600K, 99% used [0x00000000f1600000,0x00000000f2ef8a78,0x00000000f2f00000)
  to   space 39936K, 0% used [0x00000000f6900000,0x00000000f6900000,0x00000000f9000000)
 ParOldGen       total 82432K, used 58029K [0x00000000c0000000, 0x00000000c5080000, 0x00000000eab00000)
  object space 82432K, 70% used [0x00000000c0000000,0x00000000c38ab768,0x00000000c5080000)
 Metaspace       used 6094K, capacity 7000K, committed 7168K, reserved 1056768K
  class space    used 610K, capacity 656K, committed 768K, reserved 1048576K
}
Event: 19.851 GC heap before
{Heap before GC invocations=9 (full 1):
 PSYoungGen      total 135168K, used 135138K [0x00000000eab00000, 0x00000000f9000000, 0x0000000100000000)
  eden space 109568K, 100% used [0x00000000eab00000,0x00000000f1600000,0x00000000f1600000)
  from space 25600K, 99% used [0x00000000f1600000,0x00000000f2ef8a78,0x00000000f2f00000)
  to   space 39936K, 0% used [0x00000000f6900000,0x00000000f6900000,0x00000000f9000000)
 ParOldGen       total 82432K, used 58029K [0x00000000c0000000, 0x00000000c5080000, 0x00000000eab00000)
  object space 82432K, 70% used [0x00000000c0000000,0x00000000c38ab768,0x00000000c5080000)
 Metaspace       used 6303K, capacity 7192K, committed 7424K, reserved 1056768K
  class space    used 610K, capacity 656K, committed 768K, reserved 1048576K
Event: 20.082 GC heap after
Heap after GC invocations=9 (full 1):
 PSYoungGen      total 169472K, used 39919K [0x00000000eab00000, 0x00000000fc480000, 0x0000000100000000)
  eden space 129536K, 0% used [0x00000000eab00000,0x00000000eab00000,0x00000000f2980000)
  from space 39936K, 99% used [0x00000000f6900000,0x00000000f8ffbdd8,0x00000000f9000000)
  to   space 65024K, 0% used [0x00000000f2980000,0x00000000f2980000,0x00000000f6900000)
 ParOldGen       total 98816K, used 97130K [0x00000000c0000000, 0x00000000c6080000, 0x00000000eab00000)
  object space 98816K, 98% used [0x00000000c0000000,0x00000000c5eda8a0,0x00000000c6080000)
 Metaspace       used 6303K, capacity 7192K, committed 7424K, reserved 1056768K
  class space    used 610K, capacity 656K, committed 768K, reserved 1048576K
}
Event: 20.082 GC heap before
{Heap before GC invocations=10 (full 2):
 PSYoungGen      total 169472K, used 39919K [0x00000000eab00000, 0x00000000fc480000, 0x0000000100000000)
  eden space 129536K, 0% used [0x00000000eab00000,0x00000000eab00000,0x00000000f2980000)
  from space 39936K, 99% used [0x00000000f6900000,0x00000000f8ffbdd8,0x00000000f9000000)
  to   space 65024K, 0% used [0x00000000f2980000,0x00000000f2980000,0x00000000f6900000)
 ParOldGen       total 98816K, used 97130K [0x00000000c0000000, 0x00000000c6080000, 0x00000000eab00000)
  object space 98816K, 98% used [0x00000000c0000000,0x00000000c5eda8a0,0x00000000c6080000)
 Metaspace       used 6303K, capacity 7192K, committed 7424K, reserved 1056768K
  class space    used 610K, capacity 656K, committed 768K, reserved 1048576K
Event: 21.139 GC heap after
Heap after GC invocations=10 (full 2):
 PSYoungGen      total 169472K, used 0K [0x00000000eab00000, 0x00000000fc480000, 0x0000000100000000)
  eden space 129536K, 0% used [0x00000000eab00000,0x00000000eab00000,0x00000000f2980000)
  from space 39936K, 0% used [0x00000000f6900000,0x00000000f6900000,0x00000000f9000000)
  to   space 65024K, 0% used [0x00000000f2980000,0x00000000f2980000,0x00000000f6900000)
 ParOldGen       total 160768K, used 87252K [0x00000000c0000000, 0x00000000c9d00000, 0x00000000eab00000)
  object space 160768K, 54% used [0x00000000c0000000,0x00000000c55352c0,0x00000000c9d00000)
 Metaspace       used 6303K, capacity 7192K, committed 7424K, reserved 1056768K
  class space    used 610K, capacity 656K, committed 768K, reserved 1048576K
}
Event: 21.457 GC heap before
{Heap before GC invocations=11 (full 2):
 PSYoungGen      total 169472K, used 129536K [0x00000000eab00000, 0x00000000fc480000, 0x0000000100000000)
  eden space 129536K, 100% used [0x00000000eab00000,0x00000000f2980000,0x00000000f2980000)
  from space 39936K, 0% used [0x00000000f6900000,0x00000000f6900000,0x00000000f9000000)
  to   space 65024K, 0% used [0x00000000f2980000,0x00000000f2980000,0x00000000f6900000)
 ParOldGen       total 160768K, used 87252K [0x00000000c0000000, 0x00000000c9d00000, 0x00000000eab00000)
  object space 160768K, 54% used [0x00000000c0000000,0x00000000c55352c0,0x00000000c9d00000)
 Metaspace       used 6305K, capacity 7192K, committed 7424K, reserved 1056768K
  class space    used 610K, capacity 656K, committed 768K, reserved 1048576K
Event: 21.706 GC heap after
Heap after GC invocations=11 (full 2):
 PSYoungGen      total 194560K, used 64995K [0x00000000eab00000, 0x00000000fe880000, 0x0000000100000000)
  eden space 129536K, 0% used [0x00000000eab00000,0x00000000eab00000,0x00000000f2980000)
  from space 65024K, 99% used [0x00000000f2980000,0x00000000f68f8ef0,0x00000000f6900000)
  to   space 81408K, 0% used [0x00000000f9900000,0x00000000f9900000,0x00000000fe880000)
 ParOldGen       total 160768K, used 97516K [0x00000000c0000000, 0x00000000c9d00000, 0x00000000eab00000)
  object space 160768K, 60% used [0x00000000c0000000,0x00000000c5f3b2c0,0x00000000c9d00000)
 Metaspace       used 6305K, capacity 7192K, committed 7424K, reserved 1056768K
  class space    used 610K, capacity 656K, committed 768K, reserved 1048576K
}
Event: 22.494 GC heap before
{Heap before GC invocations=12 (full 2):
 PSYoungGen      total 194560K, used 194531K [0x00000000eab00000, 0x00000000fe880000, 0x0000000100000000)
  eden space 129536K, 100% used [0x00000000eab00000,0x00000000f2980000,0x00000000f2980000)
  from space 65024K, 99% used [0x00000000f2980000,0x00000000f68f8ef0,0x00000000f6900000)
  to   space 81408K, 0% used [0x00000000f9900000,0x00000000f9900000,0x00000000fe880000)
 ParOldGen       total 160768K, used 97516K [0x00000000c0000000, 0x00000000c9d00000, 0x00000000eab00000)
  object space 160768K, 60% used [0x00000000c0000000,0x00000000c5f3b2c0,0x00000000c9d00000)
 Metaspace       used 6333K, capacity 7192K, committed 7424K, reserved 1056768K
  class space    used 610K, capacity 656K, committed 768K, reserved 1048576K
Event: 22.984 GC heap after
Heap after GC invocations=12 (full 2):
 PSYoungGen      total 216576K, used 81393K [0x00000000eab00000, 0x0000000100000000, 0x0000000100000000)
  eden space 135168K, 0% used [0x00000000eab00000,0x00000000eab00000,0x00000000f2f00000)
  from space 81408K, 99% used [0x00000000f9900000,0x00000000fe87c700,0x00000000fe880000)
  to   space 107008K, 0% used [0x00000000f2f00000,0x00000000f2f00000,0x00000000f9780000)
 ParOldGen       total 160768K, used 127727K [0x00000000c0000000, 0x00000000c9d00000, 0x00000000eab00000)
  object space 160768K, 79% used [0x00000000c0000000,0x00000000c7cbbec0,0x00000000c9d00000)
 Metaspace       used 6333K, capacity 7192K, committed 7424K, reserved 1056768K
  class space    used 610K, capacity 656K, committed 768K, reserved 1048576K
}
Event: 22.985 GC heap before
{Heap before GC invocations=13 (full 3):
 PSYoungGen      total 216576K, used 81393K [0x00000000eab00000, 0x0000000100000000, 0x0000000100000000)
  eden space 135168K, 0% used [0x00000000eab00000,0x00000000eab00000,0x00000000f2f00000)
  from space 81408K, 99% used [0x00000000f9900000,0x00000000fe87c700,0x00000000fe880000)
  to   space 107008K, 0% used [0x00000000f2f00000,0x00000000f2f00000,0x00000000f9780000)
 ParOldGen       total 160768K, used 127727K [0x00000000c0000000, 0x00000000c9d00000, 0x00000000eab00000)
  object space 160768K, 79% used [0x00000000c0000000,0x00000000c7cbbec0,0x00000000c9d00000)
 Metaspace       used 6333K, capacity 7192K, committed 7424K, reserved 1056768K
  class space    used 610K, capacity 656K, committed 768K, reserved 1048576K

Deoptimization events (10 events):
Event: 17.856 Thread 0x00007ff49400a000 Uncommon trap: reason=unstable_if action=reinterpret pc=0x00007ff485526478 method=com.android.dx.cf.code.Ropper.isSynchronized()Z @ 12
Event: 17.857 Thread 0x00007ff49400a000 Uncommon trap: reason=bimorphic action=maybe_recompile pc=0x00007ff485661184 method=com.android.dx.ssa.SCCP.setLatticeValueTo(IILcom/android/dx/rop/cst/Constant;)Z @ 43
Event: 17.857 Thread 0x00007ff49400a000 Uncommon trap: reason=bimorphic action=maybe_recompile pc=0x00007ff485661184 method=com.android.dx.ssa.SCCP.setLatticeValueTo(IILcom/android/dx/rop/cst/Constant;)Z @ 43
Event: 17.857 Thread 0x00007ff49400a000 Uncommon trap: reason=bimorphic action=maybe_recompile pc=0x00007ff485661184 method=com.android.dx.ssa.SCCP.setLatticeValueTo(IILcom/android/dx/rop/cst/Constant;)Z @ 43
Event: 17.857 Thread 0x00007ff49400a000 Uncommon trap: reason=bimorphic action=maybe_recompile pc=0x00007ff485661184 method=com.android.dx.ssa.SCCP.setLatticeValueTo(IILcom/android/dx/rop/cst/Constant;)Z @ 43
Event: 18.094 Thread 0x00007ff49400a000 Uncommon trap: reason=bimorphic action=maybe_recompile pc=0x00007ff4854d4ba0 method=com.android.dx.cf.code.BytecodeArray.parseInstruction(ILcom/android/dx/cf/code/BytecodeArray$Visitor;)I @ 1357
Event: 18.095 Thread 0x00007ff49400a000 Uncommon trap: reason=bimorphic action=maybe_recompile pc=0x00007ff4854d4ba0 method=com.android.dx.cf.code.BytecodeArray.parseInstruction(ILcom/android/dx/cf/code/BytecodeArray$Visitor;)I @ 1357
Event: 21.345 Thread 0x00007ff49400a000 Uncommon trap: reason=bimorphic action=maybe_recompile pc=0x00007ff4854d3c04 method=com.android.dx.cf.code.BytecodeArray.parseInstruction(ILcom/android/dx/cf/code/BytecodeArray$Visitor;)I @ 1501
Event: 21.346 Thread 0x00007ff49400a000 Uncommon trap: reason=bimorphic action=maybe_recompile pc=0x00007ff4854d3c04 method=com.android.dx.cf.code.BytecodeArray.parseInstruction(ILcom/android/dx/cf/code/BytecodeArray$Visitor;)I @ 1501
Event: 21.925 Thread 0x00007ff49400a000 Uncommon trap: reason=unstable_if action=reinterpret pc=0x00007ff48527f494 method=java.util.HashMap.getNode(ILjava/lang/Object;)Ljava/util/HashMap$Node; @ 84

Internal exceptions (5 events):
Event: 0.054 Thread 0x00007ff49400a000 Exception <a 'java/lang/NoSuchMethodError': Method sun.misc.Unsafe.defineClass(Ljava/lang/String;[BII)Ljava/lang/Class; name or signature does not match> (0x00000000eab07cc0) thrown at [/HUDSON/workspace/8-2-build-linux-amd64/jdk8u91/6644/hotspot/src/shar
Event: 0.054 Thread 0x00007ff49400a000 Exception <a 'java/lang/NoSuchMethodError': Method sun.misc.Unsafe.prefetchRead(Ljava/lang/Object;J)V name or signature does not match> (0x00000000eab07fa8) thrown at [/HUDSON/workspace/8-2-build-linux-amd64/jdk8u91/6644/hotspot/src/share/vm/prims/jni.cpp
Event: 4.842 Thread 0x00007ff494143800 Exception <a 'java/lang/ArrayIndexOutOfBoundsException': 18> (0x00000000eb80b460) thrown at [/HUDSON/workspace/8-2-build-linux-amd64/jdk8u91/6644/hotspot/src/share/vm/interpreter/interpreterRuntime.cpp, line 366]
Event: 4.842 Thread 0x00007ff494143800 Exception <a 'java/lang/ArrayIndexOutOfBoundsException': 145> (0x00000000eb80cfe0) thrown at [/HUDSON/workspace/8-2-build-linux-amd64/jdk8u91/6644/hotspot/src/share/vm/interpreter/interpreterRuntime.cpp, line 366]
Event: 4.843 Thread 0x00007ff494143800 Exception <a 'java/lang/ArrayIndexOutOfBoundsException': 40> (0x00000000eb80e2c8) thrown at [/HUDSON/workspace/8-2-build-linux-amd64/jdk8u91/6644/hotspot/src/share/vm/interpreter/interpreterRuntime.cpp, line 366]

Events (10 events):
Event: 22.026 Thread 0x00007ff49400a000 DEOPT UNPACKING pc=0x00007ff485047633 sp=0x00007ff49d124258 mode 0
Event: 22.045 Thread 0x00007ff49400a000 DEOPT PACKING pc=0x00007ff485620c43 sp=0x00007ff49d124790
Event: 22.045 Thread 0x00007ff49400a000 DEOPT UNPACKING pc=0x00007ff485047633 sp=0x00007ff49d124560 mode 0
Event: 22.157 Thread 0x00007ff494146800 DEOPT PACKING pc=0x00007ff4857ab05d sp=0x00007ff48132bf00
Event: 22.157 Thread 0x00007ff494146800 DEOPT UNPACKING pc=0x00007ff485047633 sp=0x00007ff48132bc90 mode 0
Event: 22.271 Thread 0x00007ff494145000 DEOPT PACKING pc=0x00007ff4853644ac sp=0x00007ff48142d070
Event: 22.271 Thread 0x00007ff494145000 DEOPT UNPACKING pc=0x00007ff485047633 sp=0x00007ff48142cd70 mode 0
Event: 22.335 Thread 0x00007ff49400a000 DEOPT PACKING pc=0x00007ff485341b90 sp=0x00007ff49d124560
Event: 22.335 Thread 0x00007ff49400a000 DEOPT UNPACKING pc=0x00007ff485047633 sp=0x00007ff49d124348 mode 0
Event: 22.486 Executing VM operation: ParallelGCFailedAllocation


Dynamic libraries:
00400000-00401000 r-xp 00000000 08:0a 530050                             /usr/lib/jvm/java-8-oracle/bin/java
00600000-00601000 rw-p 00000000 08:0a 530050                             /usr/lib/jvm/java-8-oracle/bin/java
011f6000-01217000 rw-p 00000000 00:00 0                                  [heap]
c0000000-c9d00000 rw-p 00000000 00:00 0 
cf400000-eab00000 ---p 00000000 00:00 0 
eab00000-100000000 rw-p 00000000 00:00 0 
100000000-1000c0000 rw-p 00000000 00:00 0 
1000c0000-140000000 ---p 00000000 00:00 0 
7ff434000000-7ff434021000 rw-p 00000000 00:00 0 
7ff434021000-7ff438000000 ---p 00000000 00:00 0 
7ff43c000000-7ff43c027000 rw-p 00000000 00:00 0 
7ff43c027000-7ff440000000 ---p 00000000 00:00 0 
7ff440000000-7ff440021000 rw-p 00000000 00:00 0 
7ff440021000-7ff444000000 ---p 00000000 00:00 0 
7ff444000000-7ff444034000 rw-p 00000000 00:00 0 
7ff444034000-7ff448000000 ---p 00000000 00:00 0 
7ff448000000-7ff448021000 rw-p 00000000 00:00 0 
7ff448021000-7ff44c000000 ---p 00000000 00:00 0 
7ff44c000000-7ff44c021000 rw-p 00000000 00:00 0 
7ff44c021000-7ff450000000 ---p 00000000 00:00 0 
7ff450000000-7ff450021000 rw-p 00000000 00:00 0 
7ff450021000-7ff454000000 ---p 00000000 00:00 0 
7ff454000000-7ff455636000 rw-p 00000000 00:00 0 
7ff455636000-7ff458000000 ---p 00000000 00:00 0 
7ff458000000-7ff4588d7000 rw-p 00000000 00:00 0 
7ff4588d7000-7ff45c000000 ---p 00000000 00:00 0 
7ff45c000000-7ff45c021000 rw-p 00000000 00:00 0 
7ff45c021000-7ff460000000 ---p 00000000 00:00 0 
7ff460000000-7ff4613a9000 rw-p 00000000 00:00 0 
7ff4613a9000-7ff464000000 ---p 00000000 00:00 0 
7ff464000000-7ff464021000 rw-p 00000000 00:00 0 
7ff464021000-7ff468000000 ---p 00000000 00:00 0 
7ff468000000-7ff468021000 rw-p 00000000 00:00 0 
7ff468021000-7ff46c000000 ---p 00000000 00:00 0 
7ff46c000000-7ff46c021000 rw-p 00000000 00:00 0 
7ff46c021000-7ff470000000 ---p 00000000 00:00 0 
7ff470000000-7ff470296000 rw-p 00000000 00:00 0 
7ff470296000-7ff474000000 ---p 00000000 00:00 0 
7ff474000000-7ff474021000 rw-p 00000000 00:00 0 
7ff474021000-7ff478000000 ---p 00000000 00:00 0 
7ff478000000-7ff478021000 rw-p 00000000 00:00 0 
7ff478021000-7ff47c000000 ---p 00000000 00:00 0 
7ff47c000000-7ff47c021000 rw-p 00000000 00:00 0 
7ff47c021000-7ff480000000 ---p 00000000 00:00 0 
7ff48122d000-7ff481230000 ---p 00000000 00:00 0 
7ff481230000-7ff48132e000 rw-p 00000000 00:00 0 
7ff48132e000-7ff481331000 ---p 00000000 00:00 0 
7ff481331000-7ff48142f000 rw-p 00000000 00:00 0 
7ff48142f000-7ff481432000 ---p 00000000 00:00 0 
7ff481432000-7ff481530000 rw-p 00000000 00:00 0 
7ff481530000-7ff481533000 ---p 00000000 00:00 0 
7ff481533000-7ff481631000 rw-p 00000000 00:00 0 
7ff481631000-7ff481634000 ---p 00000000 00:00 0 
7ff481634000-7ff481732000 rw-p 00000000 00:00 0 
7ff481732000-7ff481733000 ---p 00000000 00:00 0 
7ff481733000-7ff481833000 rw-p 00000000 00:00 0 
7ff481833000-7ff481836000 ---p 00000000 00:00 0 
7ff481836000-7ff481934000 rw-p 00000000 00:00 0 
7ff481934000-7ff481937000 ---p 00000000 00:00 0 
7ff481937000-7ff481a35000 rw-p 00000000 00:00 0 
7ff481a35000-7ff481a38000 ---p 00000000 00:00 0 
7ff481a38000-7ff481b36000 rw-p 00000000 00:00 0 
7ff481b36000-7ff481b39000 ---p 00000000 00:00 0 
7ff481b39000-7ff481c37000 rw-p 00000000 00:00 0 
7ff481c37000-7ff481c3a000 ---p 00000000 00:00 0 
7ff481c3a000-7ff481d38000 rw-p 00000000 00:00 0 
7ff481d38000-7ff4826f7000 r--p 00000000 08:0a 400614                     /usr/lib/locale/locale-archive
7ff4826f7000-7ff4826fa000 ---p 00000000 00:00 0 
7ff4826fa000-7ff4827f8000 rw-p 00000000 00:00 0 
7ff4827f8000-7ff4827fb000 ---p 00000000 00:00 0 
7ff4827fb000-7ff4828f9000 rw-p 00000000 00:00 0 
7ff4828f9000-7ff4828fa000 ---p 00000000 00:00 0 
7ff4828fa000-7ff485000000 rw-p 00000000 00:00 0 
7ff485000000-7ff4857f0000 rwxp 00000000 00:00 0 
7ff4857f0000-7ff494000000 ---p 00000000 00:00 0 
7ff494000000-7ff494390000 rw-p 00000000 00:00 0 
7ff494390000-7ff498000000 ---p 00000000 00:00 0 
7ff498063000-7ff498074000 r--s 000bf000 08:0a 3941651                    /home/akhil/AndroidStudioProjects/Mapapplication/app/build/intermediates/exploded-aar/com.google.android.gms/play-services-ads/9.0.1/jars/classes.jar
7ff498074000-7ff498a2f000 rw-p 00000000 00:00 0 
7ff498a2f000-7ff498c08000 r--s 03d1f000 08:0a 792350                     /usr/lib/jvm/java-8-oracle/jre/lib/rt.jar
7ff498c08000-7ff4992fe000 rw-p 00000000 00:00 0 
7ff4992fe000-7ff49947e000 ---p 00000000 00:00 0 
7ff49947e000-7ff49967e000 rw-p 00000000 00:00 0 
7ff49967e000-7ff49967f000 ---p 00000000 00:00 0 
7ff49967f000-7ff49977f000 rw-p 00000000 00:00 0 
7ff49977f000-7ff499780000 ---p 00000000 00:00 0 
7ff499780000-7ff499880000 rw-p 00000000 00:00 0 
7ff499880000-7ff499881000 ---p 00000000 00:00 0 
7ff499881000-7ff499981000 rw-p 00000000 00:00 0 
7ff499981000-7ff499982000 ---p 00000000 00:00 0 
7ff499982000-7ff499ad1000 rw-p 00000000 00:00 0 
7ff499ad1000-7ff499bd8000 ---p 00000000 00:00 0 
7ff499bd8000-7ff499c27000 rw-p 00000000 00:00 0 
7ff499c27000-7ff499d2d000 ---p 00000000 00:00 0 
7ff499d2d000-7ff499dd8000 rw-p 00000000 00:00 0 
7ff499dd8000-7ff499df9000 rw-p 00000000 00:00 0 
7ff499df9000-7ff49a199000 ---p 00000000 00:00 0 
7ff49a199000-7ff49a1b3000 r-xp 00000000 08:0a 792409                     /usr/lib/jvm/java-8-oracle/jre/lib/amd64/libzip.so
7ff49a1b3000-7ff49a3b3000 ---p 0001a000 08:0a 792409                     /usr/lib/jvm/java-8-oracle/jre/lib/amd64/libzip.so
7ff49a3b3000-7ff49a3b4000 rw-p 0001a000 08:0a 792409                     /usr/lib/jvm/java-8-oracle/jre/lib/amd64/libzip.so
7ff49a3b4000-7ff49a3bf000 r-xp 00000000 08:0a 6558312                    /lib/x86_64-linux-gnu/libnss_files-2.23.so
7ff49a3bf000-7ff49a5be000 ---p 0000b000 08:0a 6558312                    /lib/x86_64-linux-gnu/libnss_files-2.23.so
7ff49a5be000-7ff49a5bf000 r--p 0000a000 08:0a 6558312                    /lib/x86_64-linux-gnu/libnss_files-2.23.so
7ff49a5bf000-7ff49a5c0000 rw-p 0000b000 08:0a 6558312                    /lib/x86_64-linux-gnu/libnss_files-2.23.so
7ff49a5c0000-7ff49a5c6000 rw-p 00000000 00:00 0 
7ff49a5c6000-7ff49a5d1000 r-xp 00000000 08:0a 6558322                    /lib/x86_64-linux-gnu/libnss_nis-2.23.so
7ff49a5d1000-7ff49a7d0000 ---p 0000b000 08:0a 6558322                    /lib/x86_64-linux-gnu/libnss_nis-2.23.so
7ff49a7d0000-7ff49a7d1000 r--p 0000a000 08:0a 6558322                    /lib/x86_64-linux-gnu/libnss_nis-2.23.so
7ff49a7d1000-7ff49a7d2000 rw-p 0000b000 08:0a 6558322                    /lib/x86_64-linux-gnu/libnss_nis-2.23.so
7ff49a7d2000-7ff49a7e8000 r-xp 00000000 08:0a 6558306                    /lib/x86_64-linux-gnu/libnsl-2.23.so
7ff49a7e8000-7ff49a9e7000 ---p 00016000 08:0a 6558306                    /lib/x86_64-linux-gnu/libnsl-2.23.so
7ff49a9e7000-7ff49a9e8000 r--p 00015000 08:0a 6558306                    /lib/x86_64-linux-gnu/libnsl-2.23.so
7ff49a9e8000-7ff49a9e9000 rw-p 00016000 08:0a 6558306                    /lib/x86_64-linux-gnu/libnsl-2.23.so
7ff49a9e9000-7ff49a9eb000 rw-p 00000000 00:00 0 
7ff49a9eb000-7ff49a9f3000 r-xp 00000000 08:0a 6558308                    /lib/x86_64-linux-gnu/libnss_compat-2.23.so
7ff49a9f3000-7ff49abf2000 ---p 00008000 08:0a 6558308                    /lib/x86_64-linux-gnu/libnss_compat-2.23.so
7ff49abf2000-7ff49abf3000 r--p 00007000 08:0a 6558308                    /lib/x86_64-linux-gnu/libnss_compat-2.23.so
7ff49abf3000-7ff49abf4000 rw-p 00008000 08:0a 6558308                    /lib/x86_64-linux-gnu/libnss_compat-2.23.so
7ff49abf4000-7ff49ac1e000 r-xp 00000000 08:0a 792404                     /usr/lib/jvm/java-8-oracle/jre/lib/amd64/libjava.so
7ff49ac1e000-7ff49ae1e000 ---p 0002a000 08:0a 792404                     /usr/lib/jvm/java-8-oracle/jre/lib/amd64/libjava.so
7ff49ae1e000-7ff49ae20000 rw-p 0002a000 08:0a 792404                     /usr/lib/jvm/java-8-oracle/jre/lib/amd64/libjava.so
7ff49ae20000-7ff49ae2d000 r-xp 00000000 08:0a 792408                     /usr/lib/jvm/java-8-oracle/jre/lib/amd64/libverify.so
7ff49ae2d000-7ff49b02d000 ---p 0000d000 08:0a 792408                     /usr/lib/jvm/java-8-oracle/jre/lib/amd64/libverify.so
7ff49b02d000-7ff49b02f000 rw-p 0000d000 08:0a 792408                     /usr/lib/jvm/java-8-oracle/jre/lib/amd64/libverify.so
7ff49b02f000-7ff49b036000 r-xp 00000000 08:0a 6558367                    /lib/x86_64-linux-gnu/librt-2.23.so
7ff49b036000-7ff49b235000 ---p 00007000 08:0a 6558367                    /lib/x86_64-linux-gnu/librt-2.23.so
7ff49b235000-7ff49b236000 r--p 00006000 08:0a 6558367                    /lib/x86_64-linux-gnu/librt-2.23.so
7ff49b236000-7ff49b237000 rw-p 00007000 08:0a 6558367                    /lib/x86_64-linux-gnu/librt-2.23.so
7ff49b237000-7ff49b33f000 r-xp 00000000 08:0a 6558283                    /lib/x86_64-linux-gnu/libm-2.23.so
7ff49b33f000-7ff49b53e000 ---p 00108000 08:0a 6558283                    /lib/x86_64-linux-gnu/libm-2.23.so
7ff49b53e000-7ff49b53f000 r--p 00107000 08:0a 6558283                    /lib/x86_64-linux-gnu/libm-2.23.so
7ff49b53f000-7ff49b540000 rw-p 00108000 08:0a 6558283                    /lib/x86_64-linux-gnu/libm-2.23.so
7ff49b540000-7ff49c200000 r-xp 00000000 08:0a 928667                     /usr/lib/jvm/java-8-oracle/jre/lib/amd64/server/libjvm.so
7ff49c200000-7ff49c400000 ---p 00cc0000 08:0a 928667                     /usr/lib/jvm/java-8-oracle/jre/lib/amd64/server/libjvm.so
7ff49c400000-7ff49c4d8000 rw-p 00cc0000 08:0a 928667                     /usr/lib/jvm/java-8-oracle/jre/lib/amd64/server/libjvm.so
7ff49c4d8000-7ff49c523000 rw-p 00000000 00:00 0 
7ff49c523000-7ff49c6e3000 r-xp 00000000 08:0a 6558213                    /lib/x86_64-linux-gnu/libc-2.23.so
7ff49c6e3000-7ff49c8e2000 ---p 001c0000 08:0a 6558213                    /lib/x86_64-linux-gnu/libc-2.23.so
7ff49c8e2000-7ff49c8e6000 r--p 001bf000 08:0a 6558213                    /lib/x86_64-linux-gnu/libc-2.23.so
7ff49c8e6000-7ff49c8e8000 rw-p 001c3000 08:0a 6558213                    /lib/x86_64-linux-gnu/libc-2.23.so
7ff49c8e8000-7ff49c8ec000 rw-p 00000000 00:00 0 
7ff49c8ec000-7ff49c8ef000 r-xp 00000000 08:0a 6558237                    /lib/x86_64-linux-gnu/libdl-2.23.so
7ff49c8ef000-7ff49caee000 ---p 00003000 08:0a 6558237                    /lib/x86_64-linux-gnu/libdl-2.23.so
7ff49caee000-7ff49caef000 r--p 00002000 08:0a 6558237                    /lib/x86_64-linux-gnu/libdl-2.23.so
7ff49caef000-7ff49caf0000 rw-p 00003000 08:0a 6558237                    /lib/x86_64-linux-gnu/libdl-2.23.so
7ff49caf0000-7ff49cb05000 r-xp 00000000 08:0a 791541                     /usr/lib/jvm/java-8-oracle/lib/amd64/jli/libjli.so
7ff49cb05000-7ff49cd05000 ---p 00015000 08:0a 791541                     /usr/lib/jvm/java-8-oracle/lib/amd64/jli/libjli.so
7ff49cd05000-7ff49cd06000 rw-p 00015000 08:0a 791541                     /usr/lib/jvm/java-8-oracle/lib/amd64/jli/libjli.so
7ff49cd06000-7ff49cd1e000 r-xp 00000000 08:0a 6558359                    /lib/x86_64-linux-gnu/libpthread-2.23.so
7ff49cd1e000-7ff49cf1d000 ---p 00018000 08:0a 6558359                    /lib/x86_64-linux-gnu/libpthread-2.23.so
7ff49cf1d000-7ff49cf1e000 r--p 00017000 08:0a 6558359                    /lib/x86_64-linux-gnu/libpthread-2.23.so
7ff49cf1e000-7ff49cf1f000 rw-p 00018000 08:0a 6558359                    /lib/x86_64-linux-gnu/libpthread-2.23.so
7ff49cf1f000-7ff49cf23000 rw-p 00000000 00:00 0 
7ff49cf23000-7ff49cf49000 r-xp 00000000 08:0a 6558185                    /lib/x86_64-linux-gnu/ld-2.23.so
7ff49cf4d000-7ff49d026000 rw-p 00000000 00:00 0 
7ff49d026000-7ff49d029000 ---p 00000000 00:00 0 
7ff49d029000-7ff49d12b000 rw-p 00000000 00:00 0 
7ff49d12d000-7ff49d13c000 r--s 000df000 08:0a 4327630                    /home/akhil/Android/Sdk/build-tools/23.0.3/lib/dx.jar
7ff49d13c000-7ff49d144000 rw-s 00000000 08:0a 1320827                    /tmp/hsperfdata_akhil/4376
7ff49d144000-7ff49d145000 rw-p 00000000 00:00 0 
7ff49d145000-7ff49d146000 ---p 00000000 00:00 0 
7ff49d146000-7ff49d148000 rw-p 00000000 00:00 0 
7ff49d148000-7ff49d149000 r--p 00025000 08:0a 6558185                    /lib/x86_64-linux-gnu/ld-2.23.so
7ff49d149000-7ff49d14a000 rw-p 00026000 08:0a 6558185                    /lib/x86_64-linux-gnu/ld-2.23.so
7ff49d14a000-7ff49d14b000 rw-p 00000000 00:00 0 
7ffed5f4e000-7ffed5f6f000 rw-p 00000000 00:00 0                          [stack]
7ffed5fe9000-7ffed5feb000 r--p 00000000 00:00 0                          [vvar]
7ffed5feb000-7ffed5fed000 r-xp 00000000 00:00 0                          [vdso]
ffffffffff600000-ffffffffff601000 r-xp 00000000 00:00 0                  [vsyscall]

VM Arguments:
jvm_args: -Djava.awt.headless=true -Xmx1024M -Dfile.encoding=UTF-8 -Duser.country=IN -Duser.language=en -Duser.variant 
java_command: com.android.dx.command.Main --dex --force-jumbo --num-threads=4 --multi-dex --output /home/akhil/AndroidStudioProjects/Mapapplication/app/build/intermediates/transforms/dex/debug/folders/1000/10/com.google.android.gms-play-services-ads-9.0.1_36ddbc67bb7c82eaa4d3bea6365205ef0abe4dbf /home/akhil/AndroidStudioProjects/Mapapplication/app/build/intermediates/exploded-aar/com.google.android.gms/play-services-ads/9.0.1/jars/classes.jar
java_class_path (initial): /home/akhil/Android/Sdk/build-tools/23.0.3/lib/dx.jar
Launcher Type: SUN_STANDARD

Environment Variables:
JAVA_HOME=/usr/lib/jvm/java-8-oracle
PATH=/usr/local/sbin:/usr/local/bin:/usr/sbin:/usr/bin:/sbin:/bin:/usr/games:/usr/local/games:/snap/bin:/usr/lib/jvm/java-8-oracle/bin:/usr/lib/jvm/java-8-oracle/db/bin:/usr/lib/jvm/java-8-oracle/jre/bin
SHELL=/bin/bash
DISPLAY=:0

Signal Handlers:
SIGSEGV: [libjvm.so+0xabca10], sa_mask[0]=11111111011111111101111111111110, sa_flags=SA_RESTART|SA_SIGINFO
SIGBUS: [libjvm.so+0xabca10], sa_mask[0]=11111111011111111101111111111110, sa_flags=SA_RESTART|SA_SIGINFO
SIGFPE: [libjvm.so+0x919a20], sa_mask[0]=11111111011111111101111111111110, sa_flags=SA_RESTART|SA_SIGINFO
SIGPIPE: [libjvm.so+0x919a20], sa_mask[0]=11111111011111111101111111111110, sa_flags=SA_RESTART|SA_SIGINFO
SIGXFSZ: [libjvm.so+0x919a20], sa_mask[0]=11111111011111111101111111111110, sa_flags=SA_RESTART|SA_SIGINFO
SIGILL: [libjvm.so+0x919a20], sa_mask[0]=11111111011111111101111111111110, sa_flags=SA_RESTART|SA_SIGINFO
SIGUSR1: SIG_DFL, sa_mask[0]=00000000000000000000000000000000, sa_flags=none
SIGUSR2: [libjvm.so+0x91b050], sa_mask[0]=00100000000000000000000000000000, sa_flags=SA_RESTART|SA_SIGINFO
SIGHUP: [libjvm.so+0x91c450], sa_mask[0]=11111111011111111101111111111110, sa_flags=SA_RESTART|SA_SIGINFO
SIGINT: [libjvm.so+0x91c450], sa_mask[0]=11111111011111111101111111111110, sa_flags=SA_RESTART|SA_SIGINFO
SIGTERM: [libjvm.so+0x91c450], sa_mask[0]=11111111011111111101111111111110, sa_flags=SA_RESTART|SA_SIGINFO
SIGQUIT: [libjvm.so+0x91c450], sa_mask[0]=11111111011111111101111111111110, sa_flags=SA_RESTART|SA_SIGINFO


---------------  S Y S T E M  ---------------

OS:DISTRIB_ID=Ubuntu
DISTRIB_RELEASE=16.04
DISTRIB_CODENAME=xenial
DISTRIB_DESCRIPTION="Ubuntu 16.04 LTS"

uname:Linux 4.4.0-28-generic #47-Ubuntu SMP Fri Jun 24 10:09:13 UTC 2016 x86_64
libc:glibc 2.23 NPTL 2.23 
rlimit: STACK 8192k, CORE 0k, NPROC 14926, NOFILE 65536, AS infinity
load average:32.11 10.75 4.29

/proc/meminfo:
MemTotal:        3924596 kB
MemFree:          106176 kB
MemAvailable:       7844 kB
Buffers:             532 kB
Cached:           169232 kB
SwapCached:            0 kB
Active:          3481956 kB
Inactive:         154080 kB
Active(anon):    3477540 kB
Inactive(anon):   148116 kB
Active(file):       4416 kB
Inactive(file):     5964 kB
Unevictable:          32 kB
Mlocked:              32 kB
SwapTotal:             0 kB
SwapFree:              0 kB
Dirty:                72 kB
Writeback:             4 kB
AnonPages:       3467092 kB
Mapped:            54128 kB
Shmem:            158596 kB
Slab:              73208 kB
SReclaimable:      37600 kB
SUnreclaim:        35608 kB
KernelStack:       10912 kB
PageTables:        35560 kB
NFS_Unstable:          0 kB
Bounce:                0 kB
WritebackTmp:          0 kB
CommitLimit:     1962296 kB
Committed_AS:    7028988 kB
VmallocTotal:   34359738367 kB
VmallocUsed:           0 kB
VmallocChunk:          0 kB
HardwareCorrupted:     0 kB
AnonHugePages:   1216512 kB
CmaTotal:              0 kB
CmaFree:               0 kB
HugePages_Total:       0
HugePages_Free:        0
HugePages_Rsvd:        0
HugePages_Surp:        0
Hugepagesize:       2048 kB
DirectMap4k:      128764 kB
DirectMap2M:     3944448 kB


CPU:total 4 (2 cores per cpu, 2 threads per core) family 6 model 58 stepping 9, cmov, cx8, fxsr, mmx, sse, sse2, sse3, ssse3, sse4.1, sse4.2, popcnt, avx, aes, clmul, erms, ht, tsc, tscinvbit, tscinv

/proc/cpuinfo:
processor	: 0
vendor_id	: GenuineIntel
cpu family	: 6
model		: 58
model name	: Intel(R) Core(TM) i5-3337U CPU @ 1.80GHz
stepping	: 9
microcode	: 0x17
cpu MHz		: 848.320
cache size	: 3072 KB
physical id	: 0
siblings	: 4
core id		: 0
cpu cores	: 2
apicid		: 0
initial apicid	: 0
fpu		: yes
fpu_exception	: yes
cpuid level	: 13
wp		: yes
flags		: fpu vme de pse tsc msr pae mce cx8 apic sep mtrr pge mca cmov pat pse36 clflush dts acpi mmx fxsr sse sse2 ss ht tm pbe syscall nx rdtscp lm constant_tsc arch_perfmon pebs bts rep_good nopl xtopology nonstop_tsc aperfmperf eagerfpu pni pclmulqdq dtes64 monitor ds_cpl vmx est tm2 ssse3 cx16 xtpr pdcm pcid sse4_1 sse4_2 x2apic popcnt tsc_deadline_timer aes xsave avx f16c rdrand lahf_lm epb tpr_shadow vnmi flexpriority ept vpid fsgsbase smep erms xsaveopt dtherm ida arat pln pts
bugs		:
bogomips	: 3591.65
clflush size	: 64
cache_alignment	: 64
address sizes	: 36 bits physical, 48 bits virtual
power management:

processor	: 1
vendor_id	: GenuineIntel
cpu family	: 6
model		: 58
model name	: Intel(R) Core(TM) i5-3337U CPU @ 1.80GHz
stepping	: 9
microcode	: 0x17
cpu MHz		: 895.781
cache size	: 3072 KB
physical id	: 0
siblings	: 4
core id		: 0
cpu cores	: 2
apicid		: 1
initial apicid	: 1
fpu		: yes
fpu_exception	: yes
cpuid level	: 13
wp		: yes
flags		: fpu vme de pse tsc msr pae mce cx8 apic sep mtrr pge mca cmov pat pse36 clflush dts acpi mmx fxsr sse sse2 ss ht tm pbe syscall nx rdtscp lm constant_tsc arch_perfmon pebs bts rep_good nopl xtopology nonstop_tsc aperfmperf eagerfpu pni pclmulqdq dtes64 monitor ds_cpl vmx est tm2 ssse3 cx16 xtpr pdcm pcid sse4_1 sse4_2 x2apic popcnt tsc_deadline_timer aes xsave avx f16c rdrand lahf_lm epb tpr_shadow vnmi flexpriority ept vpid fsgsbase smep erms xsaveopt dtherm ida arat pln pts
bugs		:
bogomips	: 3591.65
clflush size	: 64
cache_alignment	: 64
address sizes	: 36 bits physical, 48 bits virtual
power management:

processor	: 2
vendor_id	: GenuineIntel
cpu family	: 6
model		: 58
model name	: Intel(R) Core(TM) i5-3337U CPU @ 1.80GHz
stepping	: 9
microcode	: 0x17
cpu MHz		: 878.554
cache size	: 3072 KB
physical id	: 0
siblings	: 4
core id		: 1
cpu cores	: 2
apicid		: 2
initial apicid	: 2
fpu		: yes
fpu_exception	: yes
cpuid level	: 13
wp		: yes
flags		: fpu vme de pse tsc msr pae mce cx8 apic sep mtrr pge mca cmov pat pse36 clflush dts acpi mmx fxsr sse sse2 ss ht tm pbe syscall nx rdtscp lm constant_tsc arch_perfmon pebs bts rep_good nopl xtopology nonstop_tsc aperfmperf eagerfpu pni pclmulqdq dtes64 monitor ds_cpl vmx est tm2 ssse3 cx16 xtpr pdcm pcid sse4_1 sse4_2 x2apic popcnt tsc_deadline_timer aes xsave avx f16c rdrand lahf_lm epb tpr_shadow vnmi flexpriority ept vpid fsgsbase smep erms xsaveopt dtherm ida arat pln pts
bugs		:
bogomips	: 3591.65
clflush size	: 64
cache_alignment	: 64
address sizes	: 36 bits physical, 48 bits virtual
power management:

processor	: 3
vendor_id	: GenuineIntel
cpu family	: 6
model		: 58
model name	: Intel(R) Core(TM) i5-3337U CPU @ 1.80GHz
stepping	: 9
microcode	: 0x17
cpu MHz		: 800.015
cache size	: 3072 KB
physical id	: 0
siblings	: 4
core id		: 1
cpu cores	: 2
apicid		: 3
initial apicid	: 3
fpu		: yes
fpu_exception	: yes
cpuid level	: 13
wp		: yes
flags		: fpu vme de pse tsc msr pae mce cx8 apic sep mtrr pge mca cmov pat pse36 clflush dts acpi mmx fxsr sse sse2 ss ht tm pbe syscall nx rdtscp lm constant_tsc arch_perfmon pebs bts rep_good nopl xtopology nonstop_tsc aperfmperf eagerfpu pni pclmulqdq dtes64 monitor ds_cpl vmx est tm2 ssse3 cx16 xtpr pdcm pcid sse4_1 sse4_2 x2apic popcnt tsc_deadline_timer aes xsave avx f16c rdrand lahf_lm epb tpr_shadow vnmi flexpriority ept vpid fsgsbase smep erms xsaveopt dtherm ida arat pln pts
bugs		:
bogomips	: 3591.65
clflush size	: 64
cache_alignment	: 64
address sizes	: 36 bits physical, 48 bits virtual
power management:



Memory: 4k page, physical 3924596k(108320k free), swap 0k(0k free)

vm_info: Java HotSpot(TM) 64-Bit Server VM (25.91-b14) for linux-amd64 JRE (1.8.0_91-b14), built on Apr  1 2016 00:57:21 by "java_re" with gcc 4.3.0 20080428 (Red Hat 4.3.0-8)

time: Thu Jul 14 13:29:45 2016
elapsed time: 111 seconds (0d 0h 1m 51s)

